<?xml version="1.0" encoding="UTF-8"?>
<testsuite name="cl.globalogic.bci.test.UserServiceTest" tests="1" skipped="0" failures="0" errors="0" timestamp="2019-12-15T23:42:20" hostname="LAPTOP-MSB6HVPS" time="0.761">
  <properties/>
  <testcase name="savedUserIsNotNull()" classname="cl.globalogic.bci.test.UserServiceTest" time="0.761"/>
  <system-out><![CDATA[20:42:15.224 [Test worker] DEBUG org.springframework.test.context.BootstrapUtils - Instantiating CacheAwareContextLoaderDelegate from class [org.springframework.test.context.cache.DefaultCacheAwareContextLoaderDelegate]
20:42:15.248 [Test worker] DEBUG org.springframework.test.context.BootstrapUtils - Instantiating BootstrapContext using constructor [public org.springframework.test.context.support.DefaultBootstrapContext(java.lang.Class,org.springframework.test.context.CacheAwareContextLoaderDelegate)]
20:42:15.280 [Test worker] DEBUG org.springframework.test.context.BootstrapUtils - Instantiating TestContextBootstrapper for test class [cl.globalogic.bci.test.UserServiceTest] from class [org.springframework.boot.test.context.SpringBootTestContextBootstrapper]
20:42:15.300 [Test worker] INFO org.springframework.boot.test.context.SpringBootTestContextBootstrapper - Neither @ContextConfiguration nor @ContextHierarchy found for test class [cl.globalogic.bci.test.UserServiceTest], using SpringBootContextLoader
20:42:15.305 [Test worker] DEBUG org.springframework.test.context.support.AbstractContextLoader - Did not detect default resource location for test class [cl.globalogic.bci.test.UserServiceTest]: class path resource [cl/globalogic/bci/test/UserServiceTest-context.xml] does not exist
20:42:15.306 [Test worker] DEBUG org.springframework.test.context.support.AbstractContextLoader - Did not detect default resource location for test class [cl.globalogic.bci.test.UserServiceTest]: class path resource [cl/globalogic/bci/test/UserServiceTestContext.groovy] does not exist
20:42:15.306 [Test worker] INFO org.springframework.test.context.support.AbstractContextLoader - Could not detect default resource locations for test class [cl.globalogic.bci.test.UserServiceTest]: no resource found for suffixes {-context.xml, Context.groovy}.
20:42:15.307 [Test worker] INFO org.springframework.test.context.support.AnnotationConfigContextLoaderUtils - Could not detect default configuration classes for test class [cl.globalogic.bci.test.UserServiceTest]: UserServiceTest does not declare any static, non-private, non-final, nested classes annotated with @Configuration.
20:42:15.353 [Test worker] DEBUG org.springframework.test.context.support.ActiveProfilesUtils - Could not find an 'annotation declaring class' for annotation type [org.springframework.test.context.ActiveProfiles] and class [cl.globalogic.bci.test.UserServiceTest]
20:42:15.437 [Test worker] DEBUG org.springframework.context.annotation.ClassPathScanningCandidateComponentProvider - Identified candidate component class: file [C:\workspace\UserRegistryAPI\build\classes\java\main\cl\globalogic\bci\Application.class]
20:42:15.438 [Test worker] INFO org.springframework.boot.test.context.SpringBootTestContextBootstrapper - Found @SpringBootConfiguration cl.globalogic.bci.Application for test class cl.globalogic.bci.test.UserServiceTest
20:42:15.565 [Test worker] DEBUG org.springframework.boot.test.context.SpringBootTestContextBootstrapper - @TestExecutionListeners is not present for class [cl.globalogic.bci.test.UserServiceTest]: using defaults.
20:42:15.565 [Test worker] INFO org.springframework.boot.test.context.SpringBootTestContextBootstrapper - Loaded default TestExecutionListener class names from location [META-INF/spring.factories]: [org.springframework.boot.test.autoconfigure.restdocs.RestDocsTestExecutionListener, org.springframework.boot.test.autoconfigure.web.client.MockRestServiceServerResetTestExecutionListener, org.springframework.boot.test.autoconfigure.web.servlet.MockMvcPrintOnlyOnFailureTestExecutionListener, org.springframework.boot.test.autoconfigure.web.servlet.WebDriverTestExecutionListener, org.springframework.boot.test.mock.mockito.MockitoTestExecutionListener, org.springframework.boot.test.mock.mockito.ResetMocksTestExecutionListener, org.springframework.test.context.web.ServletTestExecutionListener, org.springframework.test.context.support.DirtiesContextBeforeModesTestExecutionListener, org.springframework.test.context.support.DependencyInjectionTestExecutionListener, org.springframework.test.context.support.DirtiesContextTestExecutionListener, org.springframework.test.context.transaction.TransactionalTestExecutionListener, org.springframework.test.context.jdbc.SqlScriptsTestExecutionListener, org.springframework.test.context.event.EventPublishingTestExecutionListener]
20:42:15.586 [Test worker] INFO org.springframework.boot.test.context.SpringBootTestContextBootstrapper - Using TestExecutionListeners: [org.springframework.test.context.web.ServletTestExecutionListener@fd01af1, org.springframework.test.context.support.DirtiesContextBeforeModesTestExecutionListener@2c76043b, org.springframework.boot.test.mock.mockito.MockitoTestExecutionListener@4ae5229c, org.springframework.boot.test.autoconfigure.SpringBootDependencyInjectionTestExecutionListener@372708e8, org.springframework.test.context.support.DirtiesContextTestExecutionListener@382f9b6f, org.springframework.test.context.transaction.TransactionalTestExecutionListener@2464178d, org.springframework.test.context.jdbc.SqlScriptsTestExecutionListener@4776205f, org.springframework.test.context.event.EventPublishingTestExecutionListener@48191011, org.springframework.boot.test.autoconfigure.restdocs.RestDocsTestExecutionListener@ca91e9e, org.springframework.boot.test.autoconfigure.web.client.MockRestServiceServerResetTestExecutionListener@875a8f9, org.springframework.boot.test.autoconfigure.web.servlet.MockMvcPrintOnlyOnFailureTestExecutionListener@7e771570, org.springframework.boot.test.autoconfigure.web.servlet.WebDriverTestExecutionListener@7eee0b37, org.springframework.boot.test.mock.mockito.ResetMocksTestExecutionListener@3a77a79a]
20:42:15.590 [Test worker] DEBUG org.springframework.test.context.support.AbstractDirtiesContextTestExecutionListener - Before test class: context [DefaultTestContext@186bd032 testClass = UserServiceTest, testInstance = [null], testMethod = [null], testException = [null], mergedContextConfiguration = [WebMergedContextConfiguration@30bf9f73 testClass = UserServiceTest, locations = '{}', classes = '{class cl.globalogic.bci.Application}', contextInitializerClasses = '[]', activeProfiles = '{}', propertySourceLocations = '{}', propertySourceProperties = '{org.springframework.boot.test.context.SpringBootTestContextBootstrapper=true}', contextCustomizers = set[org.springframework.boot.test.autoconfigure.properties.PropertyMappingContextCustomizer@0, org.springframework.boot.test.autoconfigure.web.servlet.WebDriverContextCustomizerFactory$Customizer@6daf41d8, org.springframework.boot.test.context.filter.ExcludeFilterContextCustomizer@5137f288, org.springframework.boot.test.json.DuplicateJsonObjectContextCustomizerFactory$DuplicateJsonObjectContextCustomizer@312edf7a, org.springframework.boot.test.mock.mockito.MockitoContextCustomizer@0, org.springframework.boot.test.web.client.TestRestTemplateContextCustomizer@337df2d5], resourceBasePath = 'src/main/webapp', contextLoader = 'org.springframework.boot.test.context.SpringBootContextLoader', parent = [null]], attributes = map['org.springframework.test.context.web.ServletTestExecutionListener.activateListener' -> true]], class annotated with @DirtiesContext [false] with mode [null].
20:42:15.625 [Test worker] DEBUG org.springframework.test.context.support.TestPropertySourceUtils - Adding inlined properties to environment: {spring.jmx.enabled=false, org.springframework.boot.test.context.SpringBootTestContextBootstrapper=true, server.port=-1}

  .   ____          _            __ _ _
 /\\ / ___'_ __ _ _(_)_ __  __ _ \ \ \ \
( ( )\___ | '_ | '_| | '_ \/ _` | \ \ \ \
 \\/  ___)| |_)| | | | | || (_| |  ) ) ) )
  '  |____| .__|_| |_|_| |_\__, | / / / /
 =========|_|==============|___/=/_/_/_/
 :: Spring Boot ::        (v2.2.2.RELEASE)

2019-12-15 20:42:15.888  WARN 8936 --- [    Test worker] ory$DuplicateJsonObjectContextCustomizer : 

Found multiple occurrences of org.json.JSONObject on the class path:

	jar:file:/C:/Users/angel/.gradle/caches/modules-2/files-2.1/org.json/json/20090211/c183aa3a2a6250293808bba12262c8920ce5a51c/json-20090211.jar!/org/json/JSONObject.class
	jar:file:/C:/Users/angel/.gradle/caches/modules-2/files-2.1/com.vaadin.external.google/android-json/0.0.20131108.vaadin1/fa26d351fe62a6a17f5cda1287c1c6110dec413f/android-json-0.0.20131108.vaadin1.jar!/org/json/JSONObject.class

You may wish to exclude one of them to ensure predictable runtime behavior

2019-12-15 20:42:15.905  INFO 8936 --- [    Test worker] cl.globalogic.bci.test.UserServiceTest   : Starting UserServiceTest on LAPTOP-MSB6HVPS with PID 8936 (started by angel in C:\workspace\UserRegistryAPI)
2019-12-15 20:42:15.905  INFO 8936 --- [    Test worker] cl.globalogic.bci.test.UserServiceTest   : No active profile set, falling back to default profiles: default
2019-12-15 20:42:16.650  INFO 8936 --- [    Test worker] .s.d.r.c.RepositoryConfigurationDelegate : Bootstrapping Spring Data JPA repositories in DEFAULT mode.
2019-12-15 20:42:16.728  INFO 8936 --- [    Test worker] .s.d.r.c.RepositoryConfigurationDelegate : Finished Spring Data repository scanning in 66ms. Found 2 JPA repository interfaces.
2019-12-15 20:42:17.085  INFO 8936 --- [    Test worker] trationDelegate$BeanPostProcessorChecker : Bean 'org.springframework.transaction.annotation.ProxyTransactionManagementConfiguration' of type [org.springframework.transaction.annotation.ProxyTransactionManagementConfiguration] is not eligible for getting processed by all BeanPostProcessors (for example: not eligible for auto-proxying)
2019-12-15 20:42:17.116  INFO 8936 --- [    Test worker] trationDelegate$BeanPostProcessorChecker : Bean 'org.springframework.security.config.annotation.configuration.ObjectPostProcessorConfiguration' of type [org.springframework.security.config.annotation.configuration.ObjectPostProcessorConfiguration] is not eligible for getting processed by all BeanPostProcessors (for example: not eligible for auto-proxying)
2019-12-15 20:42:17.122  INFO 8936 --- [    Test worker] trationDelegate$BeanPostProcessorChecker : Bean 'objectPostProcessor' of type [org.springframework.security.config.annotation.configuration.AutowireBeanFactoryObjectPostProcessor] is not eligible for getting processed by all BeanPostProcessors (for example: not eligible for auto-proxying)
2019-12-15 20:42:17.124  INFO 8936 --- [    Test worker] trationDelegate$BeanPostProcessorChecker : Bean 'org.springframework.security.access.expression.method.DefaultMethodSecurityExpressionHandler@70d05602' of type [org.springframework.security.access.expression.method.DefaultMethodSecurityExpressionHandler] is not eligible for getting processed by all BeanPostProcessors (for example: not eligible for auto-proxying)
2019-12-15 20:42:17.131  INFO 8936 --- [    Test worker] trationDelegate$BeanPostProcessorChecker : Bean 'org.springframework.security.config.annotation.method.configuration.GlobalMethodSecurityConfiguration' of type [org.springframework.security.config.annotation.method.configuration.GlobalMethodSecurityConfiguration] is not eligible for getting processed by all BeanPostProcessors (for example: not eligible for auto-proxying)
2019-12-15 20:42:17.139  INFO 8936 --- [    Test worker] trationDelegate$BeanPostProcessorChecker : Bean 'methodSecurityMetadataSource' of type [org.springframework.security.access.method.DelegatingMethodSecurityMetadataSource] is not eligible for getting processed by all BeanPostProcessors (for example: not eligible for auto-proxying)
2019-12-15 20:42:17.375  INFO 8936 --- [    Test worker] com.zaxxer.hikari.HikariDataSource       : HikariPool-1 - Starting...
2019-12-15 20:42:17.563  INFO 8936 --- [    Test worker] com.zaxxer.hikari.HikariDataSource       : HikariPool-1 - Start completed.
2019-12-15 20:42:17.633  INFO 8936 --- [    Test worker] o.hibernate.jpa.internal.util.LogHelper  : HHH000204: Processing PersistenceUnitInfo [name: default]
2019-12-15 20:42:17.737  INFO 8936 --- [    Test worker] org.hibernate.Version                    : HHH000412: Hibernate Core {5.4.9.Final}
2019-12-15 20:42:17.931  INFO 8936 --- [    Test worker] o.hibernate.annotations.common.Version   : HCANN000001: Hibernate Commons Annotations {5.1.0.Final}
2019-12-15 20:42:18.101  INFO 8936 --- [    Test worker] org.hibernate.dialect.Dialect            : HHH000400: Using dialect: org.hibernate.dialect.H2Dialect
2019-12-15 20:42:18.848  INFO 8936 --- [    Test worker] o.h.e.t.j.p.i.JtaPlatformInitiator       : HHH000490: Using JtaPlatform implementation: [org.hibernate.engine.transaction.jta.platform.internal.NoJtaPlatform]
2019-12-15 20:42:18.855  INFO 8936 --- [    Test worker] j.LocalContainerEntityManagerFactoryBean : Initialized JPA EntityManagerFactory for persistence unit 'default'
2019-12-15 20:42:19.295  WARN 8936 --- [    Test worker] JpaBaseConfiguration$JpaWebConfiguration : spring.jpa.open-in-view is enabled by default. Therefore, database queries may be performed during view rendering. Explicitly configure spring.jpa.open-in-view to disable this warning
2019-12-15 20:42:19.642  INFO 8936 --- [    Test worker] o.s.s.web.DefaultSecurityFilterChain     : Creating filter chain: any request, [org.springframework.security.web.context.request.async.WebAsyncManagerIntegrationFilter@30beec0f, org.springframework.security.web.context.SecurityContextPersistenceFilter@4c694c28, org.springframework.security.web.header.HeaderWriterFilter@b50d73, org.springframework.security.web.authentication.logout.LogoutFilter@6e0110a6, cl.globalogic.bci.security.JwtRequestFilter@1e6181d, org.springframework.security.web.savedrequest.RequestCacheAwareFilter@3e30a6e4, org.springframework.security.web.servletapi.SecurityContextHolderAwareRequestFilter@332c3136, org.springframework.security.web.authentication.AnonymousAuthenticationFilter@66f39748, org.springframework.security.web.session.SessionManagementFilter@42a05efe, org.springframework.security.web.access.ExceptionTranslationFilter@1899fbba, org.springframework.security.web.access.intercept.FilterSecurityInterceptor@46ab8359]
2019-12-15 20:42:20.200  INFO 8936 --- [    Test worker] o.s.s.concurrent.ThreadPoolTaskExecutor  : Initializing ExecutorService 'applicationTaskExecutor'
2019-12-15 20:42:20.467  INFO 8936 --- [    Test worker] o.s.b.a.h2.H2ConsoleAutoConfiguration    : H2 console available at '/h2-console'. Database available at 'jdbc:h2:mem:testdb'
2019-12-15 20:42:20.559  INFO 8936 --- [    Test worker] cl.globalogic.bci.test.UserServiceTest   : Started UserServiceTest in 4.917 seconds (JVM running for 7.7)
]]></system-out>
  <system-err><![CDATA[]]></system-err>
</testsuite>
